2023-04-22 18:31:44.781  INFO 18964 --- [restartedMain] i.g.c.m.MsavaliadorcreditoApplication    : Starting MsavaliadorcreditoApplication using Java 17.0.4.1 on GFT-hrGZfIcXbuP with PID 18964 (C:\Users\anne\Downloads\curso-microservicos\msavaliadorcredito\target\classes started by anne in C:\Users\anne\Downloads\curso-microservicos\msavaliadorcredito)
2023-04-22 18:31:44.839  INFO 18964 --- [restartedMain] i.g.c.m.MsavaliadorcreditoApplication    : No active profile set, falling back to 1 default profile: "default"
2023-04-22 18:31:45.058  INFO 18964 --- [restartedMain] .e.DevToolsPropertyDefaultsPostProcessor : Devtools property defaults active! Set 'spring.devtools.add-properties' to 'false' to disable
2023-04-22 18:31:45.059  INFO 18964 --- [restartedMain] .e.DevToolsPropertyDefaultsPostProcessor : For additional web related logging consider setting the 'logging.level.web' property to 'DEBUG'
2023-04-22 18:31:49.688  INFO 18964 --- [restartedMain] o.s.cloud.context.scope.GenericScope     : BeanFactory id=e53eddf8-5b0b-34d7-91dc-9e0d9371bea5
2023-04-22 18:31:51.905  INFO 18964 --- [restartedMain] o.s.b.w.embedded.tomcat.TomcatWebServer  : Tomcat initialized with port(s): 0 (http)
2023-04-22 18:31:51.927  INFO 18964 --- [restartedMain] o.apache.catalina.core.StandardService   : Starting service [Tomcat]
2023-04-22 18:31:51.927  INFO 18964 --- [restartedMain] org.apache.catalina.core.StandardEngine  : Starting Servlet engine: [Apache Tomcat/9.0.63]
2023-04-22 18:31:52.211  INFO 18964 --- [restartedMain] o.a.c.c.C.[Tomcat].[localhost].[/]       : Initializing Spring embedded WebApplicationContext
2023-04-22 18:31:52.211  INFO 18964 --- [restartedMain] w.s.c.ServletWebServerApplicationContext : Root WebApplicationContext: initialization completed in 7150 ms
2023-04-22 18:31:54.036  WARN 18964 --- [restartedMain] o.s.b.d.a.OptionalLiveReloadServer       : Unable to start LiveReload server
2023-04-22 18:31:54.359  INFO 18964 --- [restartedMain] o.s.c.openfeign.FeignClientFactoryBean   : For 'msclientes' URL not provided. Will try picking an instance via load-balancing.
2023-04-22 18:31:54.682  INFO 18964 --- [restartedMain] o.s.c.openfeign.FeignClientFactoryBean   : For 'mscartoes' URL not provided. Will try picking an instance via load-balancing.
2023-04-22 18:32:00.354  INFO 18964 --- [restartedMain] DiscoveryClientOptionalArgsConfiguration : Eureka HTTP Client uses RestTemplate.
2023-04-22 18:32:00.465  WARN 18964 --- [restartedMain] iguration$LoadBalancerCaffeineWarnLogger : Spring Cloud LoadBalancer is currently working with the default cache. While this cache implementation is useful for development and tests, it's recommended to use Caffeine cache in production.You can switch to using Caffeine cache, by adding it and org.springframework.cache.caffeine.CaffeineCacheManager to the classpath.
2023-04-22 18:32:00.497  INFO 18964 --- [restartedMain] o.s.b.a.e.web.EndpointLinksResolver      : Exposing 17 endpoint(s) beneath base path '/actuator'
2023-04-22 18:32:00.677  INFO 18964 --- [restartedMain] o.s.b.w.embedded.tomcat.TomcatWebServer  : Tomcat started on port(s): 63968 (http) with context path ''
2023-04-22 18:32:00.679  INFO 18964 --- [restartedMain] .s.c.n.e.s.EurekaAutoServiceRegistration : Updating port to 63968
2023-04-22 18:32:00.702  INFO 18964 --- [restartedMain] o.s.c.n.eureka.InstanceInfoFactory       : Setting initial instance status as: STARTING
2023-04-22 18:32:01.042  INFO 18964 --- [restartedMain] com.netflix.discovery.DiscoveryClient    : Initializing Eureka in region us-east-1
2023-04-22 18:32:01.068  INFO 18964 --- [restartedMain] c.n.d.s.r.aws.ConfigClusterResolver      : Resolving eureka endpoints via configuration
2023-04-22 18:32:01.138  INFO 18964 --- [restartedMain] com.netflix.discovery.DiscoveryClient    : Disable delta property : false
2023-04-22 18:32:01.138  INFO 18964 --- [restartedMain] com.netflix.discovery.DiscoveryClient    : Single vip registry refresh property : null
2023-04-22 18:32:01.139  INFO 18964 --- [restartedMain] com.netflix.discovery.DiscoveryClient    : Force full registry fetch : false
2023-04-22 18:32:01.139  INFO 18964 --- [restartedMain] com.netflix.discovery.DiscoveryClient    : Application is null : false
2023-04-22 18:32:01.139  INFO 18964 --- [restartedMain] com.netflix.discovery.DiscoveryClient    : Registered Applications size is zero : true
2023-04-22 18:32:01.140  INFO 18964 --- [restartedMain] com.netflix.discovery.DiscoveryClient    : Application version is -1: true
2023-04-22 18:32:01.140  INFO 18964 --- [restartedMain] com.netflix.discovery.DiscoveryClient    : Getting all instance registry info from the eureka server
2023-04-22 18:32:01.841  INFO 18964 --- [restartedMain] com.netflix.discovery.DiscoveryClient    : The response status is 200
2023-04-22 18:32:01.848  INFO 18964 --- [restartedMain] com.netflix.discovery.DiscoveryClient    : Starting heartbeat executor: renew interval is: 30
2023-04-22 18:32:01.855  INFO 18964 --- [restartedMain] c.n.discovery.InstanceInfoReplicator     : InstanceInfoReplicator onDemand update allowed rate per min is 4
2023-04-22 18:32:01.890  INFO 18964 --- [restartedMain] com.netflix.discovery.DiscoveryClient    : Discovery Client initialized at timestamp 1682199121867 with initial instances count: 2
2023-04-22 18:32:01.893  INFO 18964 --- [restartedMain] o.s.c.n.e.s.EurekaServiceRegistry        : Registering application MSAVALIADORCREDITO with eureka with status UP
2023-04-22 18:32:01.896  INFO 18964 --- [restartedMain] com.netflix.discovery.DiscoveryClient    : Saw local status change event StatusChangeEvent [timestamp=1682199121896, current=UP, previous=STARTING]
2023-04-22 18:32:01.900  INFO 18964 --- [DiscoveryClient-InstanceInfoReplicator-0] com.netflix.discovery.DiscoveryClient    : DiscoveryClient_MSAVALIADORCREDITO/msavaliadorcredito:e215caae0bbdf54d2e548a571b0a55e6: registering service...
2023-04-22 18:32:02.142  INFO 18964 --- [DiscoveryClient-InstanceInfoReplicator-0] com.netflix.discovery.DiscoveryClient    : DiscoveryClient_MSAVALIADORCREDITO/msavaliadorcredito:e215caae0bbdf54d2e548a571b0a55e6 - registration status: 204
2023-04-22 18:32:02.389  INFO 18964 --- [restartedMain] i.g.c.m.MsavaliadorcreditoApplication    : Started MsavaliadorcreditoApplication in 20.324 seconds (JVM running for 22.997)
2023-04-22 18:36:51.736  INFO 18964 --- [SpringApplicationShutdownHook] o.s.c.n.e.s.EurekaServiceRegistry        : Unregistering application MSAVALIADORCREDITO with eureka with status DOWN
2023-04-22 18:36:51.737  INFO 18964 --- [SpringApplicationShutdownHook] com.netflix.discovery.DiscoveryClient    : Saw local status change event StatusChangeEvent [timestamp=1682199411737, current=DOWN, previous=UP]
2023-04-22 18:36:51.737  INFO 18964 --- [DiscoveryClient-InstanceInfoReplicator-0] com.netflix.discovery.DiscoveryClient    : DiscoveryClient_MSAVALIADORCREDITO/msavaliadorcredito:e215caae0bbdf54d2e548a571b0a55e6: registering service...
2023-04-22 18:36:51.745  INFO 18964 --- [DiscoveryClient-InstanceInfoReplicator-0] com.netflix.discovery.DiscoveryClient    : DiscoveryClient_MSAVALIADORCREDITO/msavaliadorcredito:e215caae0bbdf54d2e548a571b0a55e6 - registration status: 204
2023-04-22 18:36:51.843  INFO 18964 --- [SpringApplicationShutdownHook] com.netflix.discovery.DiscoveryClient    : Shutting down DiscoveryClient ...
2023-04-22 18:36:54.856  INFO 18964 --- [SpringApplicationShutdownHook] com.netflix.discovery.DiscoveryClient    : Unregistering ...
2023-04-22 18:36:54.871  INFO 18964 --- [SpringApplicationShutdownHook] com.netflix.discovery.DiscoveryClient    : DiscoveryClient_MSAVALIADORCREDITO/msavaliadorcredito:e215caae0bbdf54d2e548a571b0a55e6 - deregister  status: 200
2023-04-22 18:36:54.885  INFO 18964 --- [SpringApplicationShutdownHook] com.netflix.discovery.DiscoveryClient    : Completed shut down of DiscoveryClient
2023-04-22 18:37:10.331  INFO 3196 --- [restartedMain] i.g.c.m.MsavaliadorcreditoApplication    : Starting MsavaliadorcreditoApplication using Java 17.0.4.1 on GFT-hrGZfIcXbuP with PID 3196 (C:\Users\anne\Downloads\curso-microservicos\msavaliadorcredito\target\classes started by anne in C:\Users\anne\Downloads\curso-microservicos\msavaliadorcredito)
2023-04-22 18:37:10.399  INFO 3196 --- [restartedMain] i.g.c.m.MsavaliadorcreditoApplication    : No active profile set, falling back to 1 default profile: "default"
2023-04-22 18:37:10.879  INFO 3196 --- [restartedMain] .e.DevToolsPropertyDefaultsPostProcessor : Devtools property defaults active! Set 'spring.devtools.add-properties' to 'false' to disable
2023-04-22 18:37:10.880  INFO 3196 --- [restartedMain] .e.DevToolsPropertyDefaultsPostProcessor : For additional web related logging consider setting the 'logging.level.web' property to 'DEBUG'
2023-04-22 18:37:16.222  INFO 3196 --- [restartedMain] o.s.cloud.context.scope.GenericScope     : BeanFactory id=e53eddf8-5b0b-34d7-91dc-9e0d9371bea5
2023-04-22 18:37:18.095  INFO 3196 --- [restartedMain] o.s.b.w.embedded.tomcat.TomcatWebServer  : Tomcat initialized with port(s): 0 (http)
2023-04-22 18:37:18.153  INFO 3196 --- [restartedMain] o.apache.catalina.core.StandardService   : Starting service [Tomcat]
2023-04-22 18:37:18.154  INFO 3196 --- [restartedMain] org.apache.catalina.core.StandardEngine  : Starting Servlet engine: [Apache Tomcat/9.0.63]
2023-04-22 18:37:18.567  INFO 3196 --- [restartedMain] o.a.c.c.C.[Tomcat].[localhost].[/]       : Initializing Spring embedded WebApplicationContext
2023-04-22 18:37:18.567  INFO 3196 --- [restartedMain] w.s.c.ServletWebServerApplicationContext : Root WebApplicationContext: initialization completed in 7685 ms
2023-04-22 18:37:20.483  WARN 3196 --- [restartedMain] o.s.b.d.a.OptionalLiveReloadServer       : Unable to start LiveReload server
2023-04-22 18:37:20.736  INFO 3196 --- [restartedMain] o.s.c.openfeign.FeignClientFactoryBean   : For 'msclientes' URL not provided. Will try picking an instance via load-balancing.
2023-04-22 18:37:20.968  INFO 3196 --- [restartedMain] o.s.c.openfeign.FeignClientFactoryBean   : For 'mscartoes' URL not provided. Will try picking an instance via load-balancing.
2023-04-22 18:37:27.588  INFO 3196 --- [restartedMain] DiscoveryClientOptionalArgsConfiguration : Eureka HTTP Client uses RestTemplate.
2023-04-22 18:37:27.806  WARN 3196 --- [restartedMain] iguration$LoadBalancerCaffeineWarnLogger : Spring Cloud LoadBalancer is currently working with the default cache. While this cache implementation is useful for development and tests, it's recommended to use Caffeine cache in production.You can switch to using Caffeine cache, by adding it and org.springframework.cache.caffeine.CaffeineCacheManager to the classpath.
2023-04-22 18:37:27.831  INFO 3196 --- [restartedMain] o.s.b.a.e.web.EndpointLinksResolver      : Exposing 17 endpoint(s) beneath base path '/actuator'
2023-04-22 18:37:27.980  INFO 3196 --- [restartedMain] o.s.b.w.embedded.tomcat.TomcatWebServer  : Tomcat started on port(s): 64876 (http) with context path ''
2023-04-22 18:37:27.982  INFO 3196 --- [restartedMain] .s.c.n.e.s.EurekaAutoServiceRegistration : Updating port to 64876
2023-04-22 18:37:27.996  INFO 3196 --- [restartedMain] o.s.c.n.eureka.InstanceInfoFactory       : Setting initial instance status as: STARTING
2023-04-22 18:37:28.242  INFO 3196 --- [restartedMain] com.netflix.discovery.DiscoveryClient    : Initializing Eureka in region us-east-1
2023-04-22 18:37:28.260  INFO 3196 --- [restartedMain] c.n.d.s.r.aws.ConfigClusterResolver      : Resolving eureka endpoints via configuration
2023-04-22 18:37:28.332  INFO 3196 --- [restartedMain] com.netflix.discovery.DiscoveryClient    : Disable delta property : false
2023-04-22 18:37:28.333  INFO 3196 --- [restartedMain] com.netflix.discovery.DiscoveryClient    : Single vip registry refresh property : null
2023-04-22 18:37:28.333  INFO 3196 --- [restartedMain] com.netflix.discovery.DiscoveryClient    : Force full registry fetch : false
2023-04-22 18:37:28.334  INFO 3196 --- [restartedMain] com.netflix.discovery.DiscoveryClient    : Application is null : false
2023-04-22 18:37:28.337  INFO 3196 --- [restartedMain] com.netflix.discovery.DiscoveryClient    : Registered Applications size is zero : true
2023-04-22 18:37:28.339  INFO 3196 --- [restartedMain] com.netflix.discovery.DiscoveryClient    : Application version is -1: true
2023-04-22 18:37:28.340  INFO 3196 --- [restartedMain] com.netflix.discovery.DiscoveryClient    : Getting all instance registry info from the eureka server
2023-04-22 18:37:30.245  INFO 3196 --- [restartedMain] com.netflix.discovery.DiscoveryClient    : The response status is 200
2023-04-22 18:37:30.252  INFO 3196 --- [restartedMain] com.netflix.discovery.DiscoveryClient    : Starting heartbeat executor: renew interval is: 30
2023-04-22 18:37:30.261  INFO 3196 --- [restartedMain] c.n.discovery.InstanceInfoReplicator     : InstanceInfoReplicator onDemand update allowed rate per min is 4
2023-04-22 18:37:30.274  INFO 3196 --- [restartedMain] com.netflix.discovery.DiscoveryClient    : Discovery Client initialized at timestamp 1682199450272 with initial instances count: 2
2023-04-22 18:37:30.282  INFO 3196 --- [restartedMain] o.s.c.n.e.s.EurekaServiceRegistry        : Registering application MSAVALIADORCREDITO with eureka with status UP
2023-04-22 18:37:30.284  INFO 3196 --- [restartedMain] com.netflix.discovery.DiscoveryClient    : Saw local status change event StatusChangeEvent [timestamp=1682199450284, current=UP, previous=STARTING]
2023-04-22 18:37:30.288  INFO 3196 --- [DiscoveryClient-InstanceInfoReplicator-0] com.netflix.discovery.DiscoveryClient    : DiscoveryClient_MSAVALIADORCREDITO/msavaliadorcredito:1513009683c121bc2d5a418f2781df7a: registering service...
2023-04-22 18:37:30.642  INFO 3196 --- [DiscoveryClient-InstanceInfoReplicator-0] com.netflix.discovery.DiscoveryClient    : DiscoveryClient_MSAVALIADORCREDITO/msavaliadorcredito:1513009683c121bc2d5a418f2781df7a - registration status: 204
2023-04-22 18:37:30.974  INFO 3196 --- [restartedMain] i.g.c.m.MsavaliadorcreditoApplication    : Started MsavaliadorcreditoApplication in 23.281 seconds (JVM running for 24.992)
2023-04-22 18:42:28.359  INFO 3196 --- [AsyncResolver-bootstrap-executor-0] c.n.d.s.r.aws.ConfigClusterResolver      : Resolving eureka endpoints via configuration
2023-04-22 18:47:28.362  INFO 3196 --- [AsyncResolver-bootstrap-executor-0] c.n.d.s.r.aws.ConfigClusterResolver      : Resolving eureka endpoints via configuration
2023-04-22 18:52:28.376  INFO 3196 --- [AsyncResolver-bootstrap-executor-0] c.n.d.s.r.aws.ConfigClusterResolver      : Resolving eureka endpoints via configuration
2023-04-22 18:57:28.382  INFO 3196 --- [AsyncResolver-bootstrap-executor-0] c.n.d.s.r.aws.ConfigClusterResolver      : Resolving eureka endpoints via configuration
2023-04-22 19:02:28.399  INFO 3196 --- [AsyncResolver-bootstrap-executor-0] c.n.d.s.r.aws.ConfigClusterResolver      : Resolving eureka endpoints via configuration
2023-04-22 19:07:28.406  INFO 3196 --- [AsyncResolver-bootstrap-executor-0] c.n.d.s.r.aws.ConfigClusterResolver      : Resolving eureka endpoints via configuration
2023-04-22 19:12:28.415  INFO 3196 --- [AsyncResolver-bootstrap-executor-0] c.n.d.s.r.aws.ConfigClusterResolver      : Resolving eureka endpoints via configuration
2023-04-22 19:17:28.429  INFO 3196 --- [AsyncResolver-bootstrap-executor-0] c.n.d.s.r.aws.ConfigClusterResolver      : Resolving eureka endpoints via configuration
2023-04-22 19:22:28.450  INFO 3196 --- [AsyncResolver-bootstrap-executor-0] c.n.d.s.r.aws.ConfigClusterResolver      : Resolving eureka endpoints via configuration
2023-04-22 19:27:28.524  INFO 3196 --- [AsyncResolver-bootstrap-executor-0] c.n.d.s.r.aws.ConfigClusterResolver      : Resolving eureka endpoints via configuration
2023-04-22 19:32:28.533  INFO 3196 --- [AsyncResolver-bootstrap-executor-0] c.n.d.s.r.aws.ConfigClusterResolver      : Resolving eureka endpoints via configuration
2023-04-22 19:37:28.534  INFO 3196 --- [AsyncResolver-bootstrap-executor-0] c.n.d.s.r.aws.ConfigClusterResolver      : Resolving eureka endpoints via configuration
2023-04-22 19:42:28.546  INFO 3196 --- [AsyncResolver-bootstrap-executor-0] c.n.d.s.r.aws.ConfigClusterResolver      : Resolving eureka endpoints via configuration
2023-04-22 19:47:28.560  INFO 3196 --- [AsyncResolver-bootstrap-executor-0] c.n.d.s.r.aws.ConfigClusterResolver      : Resolving eureka endpoints via configuration
2023-04-22 19:49:21.728  INFO 3196 --- [SpringApplicationShutdownHook] o.s.c.n.e.s.EurekaServiceRegistry        : Unregistering application MSAVALIADORCREDITO with eureka with status DOWN
2023-04-22 19:49:21.729  INFO 3196 --- [SpringApplicationShutdownHook] com.netflix.discovery.DiscoveryClient    : Saw local status change event StatusChangeEvent [timestamp=1682203761729, current=DOWN, previous=UP]
2023-04-22 19:49:21.729  INFO 3196 --- [DiscoveryClient-InstanceInfoReplicator-0] com.netflix.discovery.DiscoveryClient    : DiscoveryClient_MSAVALIADORCREDITO/msavaliadorcredito:1513009683c121bc2d5a418f2781df7a: registering service...
2023-04-22 19:49:21.741  INFO 3196 --- [DiscoveryClient-InstanceInfoReplicator-0] com.netflix.discovery.DiscoveryClient    : DiscoveryClient_MSAVALIADORCREDITO/msavaliadorcredito:1513009683c121bc2d5a418f2781df7a - registration status: 204
2023-04-22 19:49:21.805  INFO 3196 --- [SpringApplicationShutdownHook] com.netflix.discovery.DiscoveryClient    : Shutting down DiscoveryClient ...
2023-04-22 19:49:24.819  INFO 3196 --- [SpringApplicationShutdownHook] com.netflix.discovery.DiscoveryClient    : Unregistering ...
2023-04-22 19:49:24.825  INFO 3196 --- [SpringApplicationShutdownHook] com.netflix.discovery.DiscoveryClient    : DiscoveryClient_MSAVALIADORCREDITO/msavaliadorcredito:1513009683c121bc2d5a418f2781df7a - deregister  status: 200
2023-04-22 19:49:24.832  INFO 3196 --- [SpringApplicationShutdownHook] com.netflix.discovery.DiscoveryClient    : Completed shut down of DiscoveryClient
